<?xml version="1.0" encoding="UTF-8"?>
<testsuite name="com.example.testit.UserRepositoryTest" tests="9" skipped="0" failures="0" errors="0" timestamp="2026-02-16T10:27:04.645Z" hostname="oscar-Katana-GF66-11UG" time="0.123">
  <properties/>
  <testcase name="findByUsername_shouldReturnUser_whenExists()" classname="com.example.testit.UserRepositoryTest" time="0.011"/>
  <testcase name="save_shouldPersistUserWithManager()" classname="com.example.testit.UserRepositoryTest" time="0.007"/>
  <testcase name="existsById_shouldReturnFalse_whenNotExists()" classname="com.example.testit.UserRepositoryTest" time="0.061"/>
  <testcase name="findById_shouldReturnUser_whenExists()" classname="com.example.testit.UserRepositoryTest" time="0.007"/>
  <testcase name="save_shouldPersistUser()" classname="com.example.testit.UserRepositoryTest" time="0.005"/>
  <testcase name="existsById_shouldReturnTrue_whenExists()" classname="com.example.testit.UserRepositoryTest" time="0.006"/>
  <testcase name="save_shouldPersistUserWithoutManager()" classname="com.example.testit.UserRepositoryTest" time="0.005"/>
  <testcase name="findByUsername_shouldReturnNull_whenNotExists()" classname="com.example.testit.UserRepositoryTest" time="0.006"/>
  <testcase name="selfReference_shouldAllowUserAsOwnManager()" classname="com.example.testit.UserRepositoryTest" time="0.005"/>
  <system-out><![CDATA[2026-02-16T11:27:04.631+01:00  INFO 23881 --- [    Test worker] t.c.s.AnnotationConfigContextLoaderUtils : Could not detect default configuration classes for test class [com.example.testit.UserRepositoryTest]: UserRepositoryTest does not declare any static, non-private, non-final, nested classes annotated with @Configuration.
2026-02-16T11:27:04.642+01:00  INFO 23881 --- [    Test worker] .b.t.c.SpringBootTestContextBootstrapper : Found @SpringBootConfiguration com.example.testit.TestItApplication for test class com.example.testit.UserRepositoryTest
Hibernate: insert into users (manager_id,username,id) values (?,?,default)
Hibernate: select u1_0.id,u1_0.manager_id,u1_0.username from users u1_0 where u1_0.username=?
Hibernate: insert into users (manager_id,username,id) values (?,?,default)
Hibernate: insert into users (manager_id,username,id) values (?,?,default)
Hibernate: select count(*) from users u1_0 where u1_0.id=?
Hibernate: insert into users (manager_id,username,id) values (?,?,default)
Hibernate: insert into users (manager_id,username,id) values (?,?,default)
Hibernate: insert into users (manager_id,username,id) values (?,?,default)
Hibernate: select count(*) from users u1_0 where u1_0.id=?
Hibernate: insert into users (manager_id,username,id) values (?,?,default)
Hibernate: select u1_0.id,u1_0.manager_id,u1_0.username from users u1_0 where u1_0.username=?
Hibernate: insert into users (manager_id,username,id) values (?,?,default)
]]></system-out>
  <system-err><![CDATA[]]></system-err>
</testsuite>
