<?xml version="1.0" encoding="UTF-8"?>
<testsuite name="com.example.testit.TaskRepositoryTest" tests="6" skipped="0" failures="0" errors="0" timestamp="2026-02-16T10:27:03.713Z" hostname="oscar-Katana-GF66-11UG" time="0.096">
  <properties/>
  <testcase name="save_shouldPersistTask()" classname="com.example.testit.TaskRepositoryTest" time="0.04"/>
  <testcase name="findByAssignedUserId_shouldReturnUserTasks()" classname="com.example.testit.TaskRepositoryTest" time="0.014"/>
  <testcase name="findByUserAndStatus_shouldReturnMatchingTasks()" classname="com.example.testit.TaskRepositoryTest" time="0.019"/>
  <testcase name="findByUserAndStatus_shouldReturnEmpty_whenNoMatch()" classname="com.example.testit.TaskRepositoryTest" time="0.007"/>
  <testcase name="findById_shouldReturnTask_whenExists()" classname="com.example.testit.TaskRepositoryTest" time="0.006"/>
  <testcase name="findAll_shouldReturnAllTasks()" classname="com.example.testit.TaskRepositoryTest" time="0.007"/>
  <system-out><![CDATA[2026-02-16T11:27:03.446+01:00  INFO 23881 --- [    Test worker] t.c.s.AnnotationConfigContextLoaderUtils : Could not detect default configuration classes for test class [com.example.testit.TaskRepositoryTest]: TaskRepositoryTest does not declare any static, non-private, non-final, nested classes annotated with @Configuration.
2026-02-16T11:27:03.453+01:00  INFO 23881 --- [    Test worker] .b.t.c.SpringBootTestContextBootstrapper : Found @SpringBootConfiguration com.example.testit.TestItApplication for test class com.example.testit.TaskRepositoryTest

  .   ____          _            __ _ _
 /\\ / ___'_ __ _ _(_)_ __  __ _ \ \ \ \
( ( )\___ | '_ | '_| | '_ \/ _` | \ \ \ \
 \\/  ___)| |_)| | | | | || (_| |  ) ) ) )
  '  |____| .__|_| |_|_| |_\__, | / / / /
 =========|_|==============|___/=/_/_/_/
 :: Spring Boot ::                (v3.2.0)

2026-02-16T11:27:03.465+01:00  INFO 23881 --- [    Test worker] com.example.testit.TaskRepositoryTest    : Starting TaskRepositoryTest using Java 21.0.10 with PID 23881 (started by oscar in /home/oscar/Documents/5A/Polytech/fullstack_tests/test-it)
2026-02-16T11:27:03.466+01:00  INFO 23881 --- [    Test worker] com.example.testit.TaskRepositoryTest    : No active profile set, falling back to 1 default profile: "default"
2026-02-16T11:27:03.502+01:00  INFO 23881 --- [    Test worker] .s.d.r.c.RepositoryConfigurationDelegate : Bootstrapping Spring Data JPA repositories in DEFAULT mode.
2026-02-16T11:27:03.506+01:00  INFO 23881 --- [    Test worker] .s.d.r.c.RepositoryConfigurationDelegate : Finished Spring Data repository scanning in 4 ms. Found 2 JPA repository interfaces.
2026-02-16T11:27:03.514+01:00  INFO 23881 --- [    Test worker] beddedDataSourceBeanFactoryPostProcessor : Replacing 'dataSource' DataSource bean with embedded version
2026-02-16T11:27:03.529+01:00  INFO 23881 --- [    Test worker] o.s.j.d.e.EmbeddedDatabaseFactory        : Starting embedded database: url='jdbc:h2:mem:423deaa6-bdb9-45cc-9f49-291aa5c2d782;DB_CLOSE_DELAY=-1;DB_CLOSE_ON_EXIT=false', username='sa'
2026-02-16T11:27:03.533+01:00  INFO 23881 --- [    Test worker] liquibase.database                       : Set default schema name to PUBLIC
2026-02-16T11:27:03.577+01:00  INFO 23881 --- [    Test worker] liquibase.changelog                      : Creating database history table with name: PUBLIC.DATABASECHANGELOG
2026-02-16T11:27:03.579+01:00  INFO 23881 --- [    Test worker] liquibase.changelog                      : Reading from PUBLIC.DATABASECHANGELOG
2026-02-16T11:27:03.588+01:00  INFO 23881 --- [    Test worker] liquibase.lockservice                    : Successfully acquired change log lock
2026-02-16T11:27:03.588+01:00  INFO 23881 --- [    Test worker] liquibase.command                        : Using deploymentId: 1237623588
2026-02-16T11:27:03.589+01:00  INFO 23881 --- [    Test worker] liquibase.changelog                      : Reading from PUBLIC.DATABASECHANGELOG
Running Changeset: db/changelog/001-create-users-table.xml::001::testit
2026-02-16T11:27:03.597+01:00  INFO 23881 --- [    Test worker] liquibase.changelog                      : Table users created
2026-02-16T11:27:03.597+01:00  INFO 23881 --- [    Test worker] liquibase.changelog                      : ChangeSet db/changelog/001-create-users-table.xml::001::testit ran successfully in 2ms
Running Changeset: db/changelog/002-create-task-table.xml::002::testit
2026-02-16T11:27:03.603+01:00  INFO 23881 --- [    Test worker] liquibase.changelog                      : Table task created
2026-02-16T11:27:03.603+01:00  INFO 23881 --- [    Test worker] liquibase.changelog                      : Sequence task_seq created
2026-02-16T11:27:03.604+01:00  INFO 23881 --- [    Test worker] liquibase.changelog                      : ChangeSet db/changelog/002-create-task-table.xml::002::testit ran successfully in 3ms
2026-02-16T11:27:03.605+01:00  INFO 23881 --- [    Test worker] liquibase.util                           : UPDATE SUMMARY
2026-02-16T11:27:03.605+01:00  INFO 23881 --- [    Test worker] liquibase.util                           : Run:                          2
2026-02-16T11:27:03.605+01:00  INFO 23881 --- [    Test worker] liquibase.util                           : Previously run:               0
2026-02-16T11:27:03.605+01:00  INFO 23881 --- [    Test worker] liquibase.util                           : Filtered out:                 0
2026-02-16T11:27:03.605+01:00  INFO 23881 --- [    Test worker] liquibase.util                           : -------------------------------
2026-02-16T11:27:03.605+01:00  INFO 23881 --- [    Test worker] liquibase.util                           : Total change sets:            2
2026-02-16T11:27:03.605+01:00  INFO 23881 --- [    Test worker] liquibase.util                           : Update summary generated
2026-02-16T11:27:03.606+01:00  INFO 23881 --- [    Test worker] liquibase.command                        : Update command completed successfully.
Liquibase: Update has been successful. Rows affected: 2
2026-02-16T11:27:03.606+01:00  INFO 23881 --- [    Test worker] liquibase.lockservice                    : Successfully released change log lock
2026-02-16T11:27:03.606+01:00  INFO 23881 --- [    Test worker] liquibase.command                        : Command execution complete
2026-02-16T11:27:03.616+01:00  INFO 23881 --- [    Test worker] o.hibernate.jpa.internal.util.LogHelper  : HHH000204: Processing PersistenceUnitInfo [name: default]
2026-02-16T11:27:03.618+01:00  INFO 23881 --- [    Test worker] o.h.c.internal.RegionFactoryInitiator    : HHH000026: Second-level cache disabled
2026-02-16T11:27:03.619+01:00  INFO 23881 --- [    Test worker] o.s.o.j.p.SpringPersistenceUnitInfo      : No LoadTimeWeaver setup: ignoring JPA class transformer
2026-02-16T11:27:03.620+01:00  WARN 23881 --- [    Test worker] org.hibernate.orm.deprecation            : HHH90000025: H2Dialect does not need to be specified explicitly using 'hibernate.dialect' (remove the property setting and it will be selected by default)
2026-02-16T11:27:03.649+01:00  INFO 23881 --- [    Test worker] o.h.e.t.j.p.i.JtaPlatformInitiator       : HHH000489: No JTA platform available (set 'hibernate.transaction.jta.platform' to enable JTA platform integration)
2026-02-16T11:27:03.652+01:00  INFO 23881 --- [    Test worker] j.LocalContainerEntityManagerFactoryBean : Initialized JPA EntityManagerFactory for persistence unit 'default'
2026-02-16T11:27:03.712+01:00  INFO 23881 --- [    Test worker] com.example.testit.TaskRepositoryTest    : Started TaskRepositoryTest in 0.258 seconds (process running for 5.308)
Hibernate: insert into users (manager_id,username,id) values (?,?,default)
Hibernate: insert into users (manager_id,username,id) values (?,?,default)
Hibernate: insert into task (assigned_user_id,description,requester_id,status,title,id) values (?,?,?,?,?,default)
Hibernate: insert into users (manager_id,username,id) values (?,?,default)
Hibernate: insert into users (manager_id,username,id) values (?,?,default)
Hibernate: insert into task (assigned_user_id,description,requester_id,status,title,id) values (?,?,?,?,?,default)
Hibernate: insert into task (assigned_user_id,description,requester_id,status,title,id) values (?,?,?,?,?,default)
Hibernate: insert into task (assigned_user_id,description,requester_id,status,title,id) values (?,?,?,?,?,default)
Hibernate: select t1_0.id,t1_0.assigned_user_id,t1_0.description,t1_0.requester_id,t1_0.status,t1_0.title from task t1_0 where t1_0.assigned_user_id=?
Hibernate: select t1_0.id,t1_0.assigned_user_id,t1_0.description,t1_0.requester_id,t1_0.status,t1_0.title from task t1_0 where t1_0.assigned_user_id=?
Hibernate: insert into users (manager_id,username,id) values (?,?,default)
Hibernate: insert into users (manager_id,username,id) values (?,?,default)
Hibernate: insert into task (assigned_user_id,description,requester_id,status,title,id) values (?,?,?,?,?,default)
Hibernate: insert into task (assigned_user_id,description,requester_id,status,title,id) values (?,?,?,?,?,default)
Hibernate: insert into task (assigned_user_id,description,requester_id,status,title,id) values (?,?,?,?,?,default)
Hibernate: update task set assigned_user_id=?,description=?,requester_id=?,status=?,title=? where id=?
Hibernate: select t1_0.id,t1_0.assigned_user_id,t1_0.description,t1_0.requester_id,t1_0.status,t1_0.title from task t1_0 where t1_0.assigned_user_id=? and t1_0.status=?
Hibernate: insert into users (manager_id,username,id) values (?,?,default)
Hibernate: insert into users (manager_id,username,id) values (?,?,default)
Hibernate: insert into task (assigned_user_id,description,requester_id,status,title,id) values (?,?,?,?,?,default)
Hibernate: select t1_0.id,t1_0.assigned_user_id,t1_0.description,t1_0.requester_id,t1_0.status,t1_0.title from task t1_0 where t1_0.assigned_user_id=? and t1_0.status=?
Hibernate: insert into users (manager_id,username,id) values (?,?,default)
Hibernate: insert into users (manager_id,username,id) values (?,?,default)
Hibernate: insert into task (assigned_user_id,description,requester_id,status,title,id) values (?,?,?,?,?,default)
Hibernate: insert into users (manager_id,username,id) values (?,?,default)
Hibernate: insert into users (manager_id,username,id) values (?,?,default)
Hibernate: insert into task (assigned_user_id,description,requester_id,status,title,id) values (?,?,?,?,?,default)
Hibernate: insert into task (assigned_user_id,description,requester_id,status,title,id) values (?,?,?,?,?,default)
Hibernate: select t1_0.id,t1_0.assigned_user_id,t1_0.description,t1_0.requester_id,t1_0.status,t1_0.title from task t1_0
]]></system-out>
  <system-err><![CDATA[]]></system-err>
</testsuite>
